<?xml version="1.0" encoding="UTF-8"?>
<!-- Generated by org.testng.reporters.JUnitXMLReporter -->
<testsuite ignored="0" hostname="ES-iqraandleeb" failures="0" tests="4" name="Default test" time="58.882" errors="0" timestamp="2021-11-13T23:22:03 PKT">
  <testcase classname="com.test.automation.FirstClass" name="ResponseCode" time="5.278"/>
  <testcase classname="com.test.automation.FirstClass" name="Search" time="2.237"/>
  <testcase classname="com.test.automation.FirstClass" name="Verify" time="20.604"/>
  <testcase classname="com.test.automation.FirstClass" name="checkURLs" time="30.316"/>
</testsuite> <!-- Default test -->
